  main.cpp
C:\Users\hp\Desktop\Graphics-Project--main\sphere.h(231,26): warning C4244: 'initializing': conversion from 'double' to 'float', possible loss of data
  (compiling source file 'main.cpp')
  
C:\Users\hp\Desktop\Graphics-Project--main\sphere.h(232,25): warning C4244: 'initializing': conversion from 'double' to 'float', possible loss of data
  (compiling source file 'main.cpp')
  
C:\Users\hp\Desktop\Graphics-Project--main\sphere.h(234,26): warning C4244: 'initializing': conversion from 'double' to 'float', possible loss of data
  (compiling source file 'main.cpp')
  
C:\Users\hp\Desktop\Graphics-Project--main\sphere.h(267,23): warning C4244: '=': conversion from 'double' to 'float', possible loss of data
  (compiling source file 'main.cpp')
  
C:\Users\hp\Desktop\Graphics-Project--main\sphere.h(323,26): warning C4244: 'initializing': conversion from 'double' to 'float', possible loss of data
  (compiling source file 'main.cpp')
  
C:\Users\hp\Desktop\Graphics-Project--main\sphere.h(324,25): warning C4244: 'initializing': conversion from 'double' to 'float', possible loss of data
  (compiling source file 'main.cpp')
  
C:\Users\hp\Desktop\Graphics-Project--main\sphere.h(328,30): warning C4244: 'initializing': conversion from 'double' to 'float', possible loss of data
  (compiling source file 'main.cpp')
  
C:\Users\hp\Desktop\Graphics-Project--main\cube.h(398,26): warning C4244: 'initializing': conversion from 'double' to 'float', possible loss of data
  (compiling source file 'main.cpp')
  
C:\Users\hp\Desktop\Graphics-Project--main\cube.h(656,26): warning C4244: 'initializing': conversion from 'double' to 'float', possible loss of data
  (compiling source file 'main.cpp')
  
C:\Users\hp\Desktop\Graphics-Project--main\cube.h(657,25): warning C4244: 'initializing': conversion from 'double' to 'float', possible loss of data
  (compiling source file 'main.cpp')
  
C:\Users\hp\Desktop\Graphics-Project--main\cube.h(896,26): warning C4244: 'initializing': conversion from 'double' to 'float', possible loss of data
  (compiling source file 'main.cpp')
  
C:\Users\hp\Desktop\Graphics-Project--main\cube.h(897,25): warning C4244: 'initializing': conversion from 'double' to 'float', possible loss of data
  (compiling source file 'main.cpp')
  
C:\Users\hp\Desktop\Graphics-Project--main\curve.h(161,37): warning C4244: 'initializing': conversion from 'double' to 'float', possible loss of data
  (compiling source file 'main.cpp')
  
C:\Users\hp\Desktop\Graphics-Project--main\curve.h(161,28): warning C4244: 'initializing': conversion from 'double' to 'const float', possible loss of data
  (compiling source file 'main.cpp')
  
C:\Users\hp\Desktop\Graphics-Project--main\curve.h(164,18): warning C4244: 'initializing': conversion from 'double' to 'float', possible loss of data
  (compiling source file 'main.cpp')
  
C:\Users\hp\Desktop\Graphics-Project--main\curve.h(174,29): warning C4244: '=': conversion from 'double' to 'float', possible loss of data
  (compiling source file 'main.cpp')
  
C:\Users\hp\Desktop\Graphics-Project--main\curve.h(180,23): warning C4244: '=': conversion from 'double' to 'float', possible loss of data
  (compiling source file 'main.cpp')
  
C:\Users\hp\Desktop\Graphics-Project--main\curve.h(181,23): warning C4244: '=': conversion from 'double' to 'float', possible loss of data
  (compiling source file 'main.cpp')
  
C:\Users\hp\Desktop\Graphics-Project--main\curve.h(304,37): warning C4244: 'initializing': conversion from 'double' to 'float', possible loss of data
  (compiling source file 'main.cpp')
  
C:\Users\hp\Desktop\Graphics-Project--main\curve.h(304,28): warning C4244: 'initializing': conversion from 'double' to 'const float', possible loss of data
  (compiling source file 'main.cpp')
  
C:\Users\hp\Desktop\Graphics-Project--main\curve.h(307,18): warning C4244: 'initializing': conversion from 'double' to 'float', possible loss of data
  (compiling source file 'main.cpp')
  
C:\Users\hp\Desktop\Graphics-Project--main\curve.h(317,29): warning C4244: '=': conversion from 'double' to 'float', possible loss of data
  (compiling source file 'main.cpp')
  
C:\Users\hp\Desktop\Graphics-Project--main\curve.h(323,23): warning C4244: '=': conversion from 'double' to 'float', possible loss of data
  (compiling source file 'main.cpp')
  
C:\Users\hp\Desktop\Graphics-Project--main\curve.h(324,23): warning C4244: '=': conversion from 'double' to 'float', possible loss of data
  (compiling source file 'main.cpp')
  
C:\Users\hp\Desktop\Graphics-Project--main\halfsphere.h(118,26): warning C4244: 'initializing': conversion from 'double' to 'float', possible loss of data
  (compiling source file 'main.cpp')
  
C:\Users\hp\Desktop\Graphics-Project--main\halfsphere.h(119,25): warning C4244: 'initializing': conversion from 'double' to 'float', possible loss of data
  (compiling source file 'main.cpp')
  
C:\Users\hp\Desktop\Graphics-Project--main\halfsphere.h(124,33): warning C4244: '=': conversion from 'double' to 'float', possible loss of data
  (compiling source file 'main.cpp')
  
C:\Users\hp\Desktop\Graphics-Project--main\halfsphere.h(130,46): warning C4244: '=': conversion from 'double' to 'float', possible loss of data
  (compiling source file 'main.cpp')
  
C:\Users\hp\Desktop\Graphics-Project--main\main.cpp(316,18): warning C4305: 'initializing': truncation from 'double' to 'float'
C:\Users\hp\Desktop\Graphics-Project--main\main.cpp(316,26): warning C4305: 'initializing': truncation from 'double' to 'float'
C:\Users\hp\Desktop\Graphics-Project--main\main.cpp(317,9): warning C4305: 'initializing': truncation from 'double' to 'float'
C:\Users\hp\Desktop\Graphics-Project--main\main.cpp(317,18): warning C4305: 'initializing': truncation from 'double' to 'float'
C:\Users\hp\Desktop\Graphics-Project--main\main.cpp(317,26): warning C4305: 'initializing': truncation from 'double' to 'float'
C:\Users\hp\Desktop\Graphics-Project--main\main.cpp(318,9): warning C4305: 'initializing': truncation from 'double' to 'float'
C:\Users\hp\Desktop\Graphics-Project--main\main.cpp(318,18): warning C4305: 'initializing': truncation from 'double' to 'float'
C:\Users\hp\Desktop\Graphics-Project--main\main.cpp(318,26): warning C4305: 'initializing': truncation from 'double' to 'float'
C:\Users\hp\Desktop\Graphics-Project--main\main.cpp(319,9): warning C4305: 'initializing': truncation from 'double' to 'float'
C:\Users\hp\Desktop\Graphics-Project--main\main.cpp(319,18): warning C4305: 'initializing': truncation from 'double' to 'float'
C:\Users\hp\Desktop\Graphics-Project--main\main.cpp(319,26): warning C4305: 'initializing': truncation from 'double' to 'float'
C:\Users\hp\Desktop\Graphics-Project--main\main.cpp(320,9): warning C4305: 'initializing': truncation from 'double' to 'float'
C:\Users\hp\Desktop\Graphics-Project--main\main.cpp(320,26): warning C4305: 'initializing': truncation from 'double' to 'float'
C:\Users\hp\Desktop\Graphics-Project--main\main.cpp(321,9): warning C4305: 'initializing': truncation from 'double' to 'float'
C:\Users\hp\Desktop\Graphics-Project--main\main.cpp(321,26): warning C4305: 'initializing': truncation from 'double' to 'float'
C:\Users\hp\Desktop\Graphics-Project--main\main.cpp(322,9): warning C4305: 'initializing': truncation from 'double' to 'float'
C:\Users\hp\Desktop\Graphics-Project--main\main.cpp(322,18): warning C4305: 'initializing': truncation from 'double' to 'float'
C:\Users\hp\Desktop\Graphics-Project--main\main.cpp(322,26): warning C4305: 'initializing': truncation from 'double' to 'float'
C:\Users\hp\Desktop\Graphics-Project--main\main.cpp(323,9): warning C4305: 'initializing': truncation from 'double' to 'float'
C:\Users\hp\Desktop\Graphics-Project--main\main.cpp(323,18): warning C4305: 'initializing': truncation from 'double' to 'float'
C:\Users\hp\Desktop\Graphics-Project--main\main.cpp(323,26): warning C4305: 'initializing': truncation from 'double' to 'float'
C:\Users\hp\Desktop\Graphics-Project--main\main.cpp(324,9): warning C4305: 'initializing': truncation from 'double' to 'float'
C:\Users\hp\Desktop\Graphics-Project--main\main.cpp(324,18): warning C4305: 'initializing': truncation from 'double' to 'float'
C:\Users\hp\Desktop\Graphics-Project--main\main.cpp(324,26): warning C4305: 'initializing': truncation from 'double' to 'float'
C:\Users\hp\Desktop\Graphics-Project--main\main.cpp(325,9): warning C4305: 'initializing': truncation from 'double' to 'float'
C:\Users\hp\Desktop\Graphics-Project--main\main.cpp(325,18): warning C4305: 'initializing': truncation from 'double' to 'float'
C:\Users\hp\Desktop\Graphics-Project--main\main.cpp(325,26): warning C4305: 'initializing': truncation from 'double' to 'float'
C:\Users\hp\Desktop\Graphics-Project--main\main.cpp(326,9): warning C4305: 'initializing': truncation from 'double' to 'float'
C:\Users\hp\Desktop\Graphics-Project--main\main.cpp(326,18): warning C4305: 'initializing': truncation from 'double' to 'float'
C:\Users\hp\Desktop\Graphics-Project--main\main.cpp(326,26): warning C4305: 'initializing': truncation from 'double' to 'float'
C:\Users\hp\Desktop\Graphics-Project--main\main.cpp(327,9): warning C4305: 'initializing': truncation from 'double' to 'float'
C:\Users\hp\Desktop\Graphics-Project--main\main.cpp(327,18): warning C4305: 'initializing': truncation from 'double' to 'float'
C:\Users\hp\Desktop\Graphics-Project--main\main.cpp(327,26): warning C4305: 'initializing': truncation from 'double' to 'float'
C:\Users\hp\Desktop\Graphics-Project--main\main.cpp(328,9): warning C4305: 'initializing': truncation from 'double' to 'float'
C:\Users\hp\Desktop\Graphics-Project--main\main.cpp(328,18): warning C4305: 'initializing': truncation from 'double' to 'float'
C:\Users\hp\Desktop\Graphics-Project--main\main.cpp(328,26): warning C4305: 'initializing': truncation from 'double' to 'float'
C:\Users\hp\Desktop\Graphics-Project--main\main.cpp(329,9): warning C4305: 'initializing': truncation from 'double' to 'float'
C:\Users\hp\Desktop\Graphics-Project--main\main.cpp(329,18): warning C4305: 'initializing': truncation from 'double' to 'float'
C:\Users\hp\Desktop\Graphics-Project--main\main.cpp(329,26): warning C4305: 'initializing': truncation from 'double' to 'float'
C:\Users\hp\Desktop\Graphics-Project--main\main.cpp(330,9): warning C4305: 'initializing': truncation from 'double' to 'float'
C:\Users\hp\Desktop\Graphics-Project--main\main.cpp(330,26): warning C4305: 'initializing': truncation from 'double' to 'float'
C:\Users\hp\Desktop\Graphics-Project--main\main.cpp(331,18): warning C4305: 'initializing': truncation from 'double' to 'float'
C:\Users\hp\Desktop\Graphics-Project--main\main.cpp(331,26): warning C4305: 'initializing': truncation from 'double' to 'float'
C:\Users\hp\Desktop\Graphics-Project--main\main.cpp(332,9): warning C4305: 'initializing': truncation from 'double' to 'float'
C:\Users\hp\Desktop\Graphics-Project--main\main.cpp(332,18): warning C4305: 'initializing': truncation from 'double' to 'float'
C:\Users\hp\Desktop\Graphics-Project--main\main.cpp(332,26): warning C4305: 'initializing': truncation from 'double' to 'float'
C:\Users\hp\Desktop\Graphics-Project--main\main.cpp(333,9): warning C4305: 'initializing': truncation from 'double' to 'float'
C:\Users\hp\Desktop\Graphics-Project--main\main.cpp(333,18): warning C4305: 'initializing': truncation from 'double' to 'float'
C:\Users\hp\Desktop\Graphics-Project--main\main.cpp(333,26): warning C4305: 'initializing': truncation from 'double' to 'float'
C:\Users\hp\Desktop\Graphics-Project--main\main.cpp(334,9): warning C4305: 'initializing': truncation from 'double' to 'float'
C:\Users\hp\Desktop\Graphics-Project--main\main.cpp(334,26): warning C4305: 'initializing': truncation from 'double' to 'float'
C:\Users\hp\Desktop\Graphics-Project--main\main.cpp(335,9): warning C4305: 'initializing': truncation from 'double' to 'float'
C:\Users\hp\Desktop\Graphics-Project--main\main.cpp(335,26): warning C4305: 'initializing': truncation from 'double' to 'float'
C:\Users\hp\Desktop\Graphics-Project--main\main.cpp(336,9): warning C4305: 'initializing': truncation from 'double' to 'float'
C:\Users\hp\Desktop\Graphics-Project--main\main.cpp(336,26): warning C4305: 'initializing': truncation from 'double' to 'float'
C:\Users\hp\Desktop\Graphics-Project--main\main.cpp(337,9): warning C4305: 'initializing': truncation from 'double' to 'float'
C:\Users\hp\Desktop\Graphics-Project--main\main.cpp(337,18): warning C4305: 'initializing': truncation from 'double' to 'float'
C:\Users\hp\Desktop\Graphics-Project--main\main.cpp(337,26): warning C4305: 'initializing': truncation from 'double' to 'float'
C:\Users\hp\Desktop\Graphics-Project--main\main.cpp(338,9): warning C4305: 'initializing': truncation from 'double' to 'float'
C:\Users\hp\Desktop\Graphics-Project--main\main.cpp(338,18): warning C4305: 'initializing': truncation from 'double' to 'float'
C:\Users\hp\Desktop\Graphics-Project--main\main.cpp(338,26): warning C4305: 'initializing': truncation from 'double' to 'float'
C:\Users\hp\Desktop\Graphics-Project--main\main.cpp(339,9): warning C4305: 'initializing': truncation from 'double' to 'float'
C:\Users\hp\Desktop\Graphics-Project--main\main.cpp(339,18): warning C4305: 'initializing': truncation from 'double' to 'float'
C:\Users\hp\Desktop\Graphics-Project--main\main.cpp(339,26): warning C4305: 'initializing': truncation from 'double' to 'float'
C:\Users\hp\Desktop\Graphics-Project--main\main.cpp(340,9): warning C4305: 'initializing': truncation from 'double' to 'float'
C:\Users\hp\Desktop\Graphics-Project--main\main.cpp(340,18): warning C4305: 'initializing': truncation from 'double' to 'float'
C:\Users\hp\Desktop\Graphics-Project--main\main.cpp(340,26): warning C4305: 'initializing': truncation from 'double' to 'float'
C:\Users\hp\Desktop\Graphics-Project--main\main.cpp(341,9): warning C4305: 'initializing': truncation from 'double' to 'float'
C:\Users\hp\Desktop\Graphics-Project--main\main.cpp(341,18): warning C4305: 'initializing': truncation from 'double' to 'float'
C:\Users\hp\Desktop\Graphics-Project--main\main.cpp(341,26): warning C4305: 'initializing': truncation from 'double' to 'float'
C:\Users\hp\Desktop\Graphics-Project--main\main.cpp(342,9): warning C4305: 'initializing': truncation from 'double' to 'float'
C:\Users\hp\Desktop\Graphics-Project--main\main.cpp(342,18): warning C4305: 'initializing': truncation from 'double' to 'float'
C:\Users\hp\Desktop\Graphics-Project--main\main.cpp(342,26): warning C4305: 'initializing': truncation from 'double' to 'float'
C:\Users\hp\Desktop\Graphics-Project--main\main.cpp(343,9): warning C4305: 'initializing': truncation from 'double' to 'float'
C:\Users\hp\Desktop\Graphics-Project--main\main.cpp(343,18): warning C4305: 'initializing': truncation from 'double' to 'float'
C:\Users\hp\Desktop\Graphics-Project--main\main.cpp(343,26): warning C4305: 'initializing': truncation from 'double' to 'float'
C:\Users\hp\Desktop\Graphics-Project--main\main.cpp(344,9): warning C4305: 'initializing': truncation from 'double' to 'float'
C:\Users\hp\Desktop\Graphics-Project--main\main.cpp(344,18): warning C4305: 'initializing': truncation from 'double' to 'float'
C:\Users\hp\Desktop\Graphics-Project--main\main.cpp(344,26): warning C4305: 'initializing': truncation from 'double' to 'float'
C:\Users\hp\Desktop\Graphics-Project--main\main.cpp(345,9): warning C4305: 'initializing': truncation from 'double' to 'float'
C:\Users\hp\Desktop\Graphics-Project--main\main.cpp(345,18): warning C4305: 'initializing': truncation from 'double' to 'float'
C:\Users\hp\Desktop\Graphics-Project--main\main.cpp(345,26): warning C4305: 'initializing': truncation from 'double' to 'float'
C:\Users\hp\Desktop\Graphics-Project--main\main.cpp(346,9): warning C4305: 'initializing': truncation from 'double' to 'float'
C:\Users\hp\Desktop\Graphics-Project--main\main.cpp(346,26): warning C4305: 'initializing': truncation from 'double' to 'float'
C:\Users\hp\Desktop\Graphics-Project--main\main.cpp(347,9): warning C4305: 'initializing': truncation from 'double' to 'float'
C:\Users\hp\Desktop\Graphics-Project--main\main.cpp(347,18): warning C4305: 'initializing': truncation from 'double' to 'float'
C:\Users\hp\Desktop\Graphics-Project--main\main.cpp(347,26): warning C4305: 'initializing': truncation from 'double' to 'float'
C:\Users\hp\Desktop\Graphics-Project--main\main.cpp(348,9): warning C4305: 'initializing': truncation from 'double' to 'float'
C:\Users\hp\Desktop\Graphics-Project--main\main.cpp(348,18): warning C4305: 'initializing': truncation from 'double' to 'float'
C:\Users\hp\Desktop\Graphics-Project--main\main.cpp(348,26): warning C4305: 'initializing': truncation from 'double' to 'float'
C:\Users\hp\Desktop\Graphics-Project--main\main.cpp(349,9): warning C4305: 'initializing': truncation from 'double' to 'float'
C:\Users\hp\Desktop\Graphics-Project--main\main.cpp(349,18): warning C4305: 'initializing': truncation from 'double' to 'float'
C:\Users\hp\Desktop\Graphics-Project--main\main.cpp(349,26): warning C4305: 'initializing': truncation from 'double' to 'float'
C:\Users\hp\Desktop\Graphics-Project--main\main.cpp(350,9): warning C4305: 'initializing': truncation from 'double' to 'float'
C:\Users\hp\Desktop\Graphics-Project--main\main.cpp(350,18): warning C4305: 'initializing': truncation from 'double' to 'float'
C:\Users\hp\Desktop\Graphics-Project--main\main.cpp(350,26): warning C4305: 'initializing': truncation from 'double' to 'float'
C:\Users\hp\Desktop\Graphics-Project--main\main.cpp(351,9): warning C4305: 'initializing': truncation from 'double' to 'float'
C:\Users\hp\Desktop\Graphics-Project--main\main.cpp(351,18): warning C4305: 'initializing': truncation from 'double' to 'float'
C:\Users\hp\Desktop\Graphics-Project--main\main.cpp(351,26): warning C4305: 'initializing': truncation from 'double' to 'float'
C:\Users\hp\Desktop\Graphics-Project--main\main.cpp(352,9): warning C4305: 'initializing': truncation from 'double' to 'float'
C:\Users\hp\Desktop\Graphics-Project--main\main.cpp(352,18): warning C4305: 'initializing': truncation from 'double' to 'float'
C:\Users\hp\Desktop\Graphics-Project--main\main.cpp(352,26): warning C4305: 'initializing': truncation from 'double' to 'float'
C:\Users\hp\Desktop\Graphics-Project--main\main.cpp(353,9): warning C4305: 'initializing': truncation from 'double' to 'float'
C:\Users\hp\Desktop\Graphics-Project--main\main.cpp(353,18): warning C4305: 'initializing': truncation from 'double' to 'float'
C:\Users\hp\Desktop\Graphics-Project--main\main.cpp(353,26): warning C4305: 'initializing': truncation from 'double' to 'float'
C:\Users\hp\Desktop\Graphics-Project--main\main.cpp(354,9): warning C4305: 'initializing': truncation from 'double' to 'float'
C:\Users\hp\Desktop\Graphics-Project--main\main.cpp(354,18): warning C4305: 'initializing': truncation from 'double' to 'float'
C:\Users\hp\Desktop\Graphics-Project--main\main.cpp(354,26): warning C4305: 'initializing': truncation from 'double' to 'float'
C:\Users\hp\Desktop\Graphics-Project--main\main.cpp(355,9): warning C4305: 'initializing': truncation from 'double' to 'float'
C:\Users\hp\Desktop\Graphics-Project--main\main.cpp(355,18): warning C4305: 'initializing': truncation from 'double' to 'float'
C:\Users\hp\Desktop\Graphics-Project--main\main.cpp(355,26): warning C4305: 'initializing': truncation from 'double' to 'float'
C:\Users\hp\Desktop\Graphics-Project--main\main.cpp(356,9): warning C4305: 'initializing': truncation from 'double' to 'float'
C:\Users\hp\Desktop\Graphics-Project--main\main.cpp(356,18): warning C4305: 'initializing': truncation from 'double' to 'float'
C:\Users\hp\Desktop\Graphics-Project--main\main.cpp(356,26): warning C4305: 'initializing': truncation from 'double' to 'float'
C:\Users\hp\Desktop\Graphics-Project--main\main.cpp(357,18): warning C4305: 'initializing': truncation from 'double' to 'float'
C:\Users\hp\Desktop\Graphics-Project--main\main.cpp(357,26): warning C4305: 'initializing': truncation from 'double' to 'float'
C:\Users\hp\Desktop\Graphics-Project--main\main.cpp(358,9): warning C4305: 'initializing': truncation from 'double' to 'float'
C:\Users\hp\Desktop\Graphics-Project--main\main.cpp(358,18): warning C4305: 'initializing': truncation from 'double' to 'float'
C:\Users\hp\Desktop\Graphics-Project--main\main.cpp(358,26): warning C4305: 'initializing': truncation from 'double' to 'float'
C:\Users\hp\Desktop\Graphics-Project--main\main.cpp(359,9): warning C4305: 'initializing': truncation from 'double' to 'float'
C:\Users\hp\Desktop\Graphics-Project--main\main.cpp(359,18): warning C4305: 'initializing': truncation from 'double' to 'float'
C:\Users\hp\Desktop\Graphics-Project--main\main.cpp(359,26): warning C4305: 'initializing': truncation from 'double' to 'float'
C:\Users\hp\Desktop\Graphics-Project--main\main.cpp(360,9): warning C4305: 'initializing': truncation from 'double' to 'float'
C:\Users\hp\Desktop\Graphics-Project--main\main.cpp(360,26): warning C4305: 'initializing': truncation from 'double' to 'float'
C:\Users\hp\Desktop\Graphics-Project--main\main.cpp(361,22): warning C4305: 'initializing': truncation from 'double' to 'float'
C:\Users\hp\Desktop\Graphics-Project--main\main.cpp(365,10): warning C4305: 'initializing': truncation from 'double' to 'float'
C:\Users\hp\Desktop\Graphics-Project--main\main.cpp(365,22): warning C4305: 'initializing': truncation from 'double' to 'float'
C:\Users\hp\Desktop\Graphics-Project--main\main.cpp(366,10): warning C4305: 'initializing': truncation from 'double' to 'float'
C:\Users\hp\Desktop\Graphics-Project--main\main.cpp(366,17): warning C4305: 'initializing': truncation from 'double' to 'float'
C:\Users\hp\Desktop\Graphics-Project--main\main.cpp(366,22): warning C4305: 'initializing': truncation from 'double' to 'float'
C:\Users\hp\Desktop\Graphics-Project--main\main.cpp(367,17): warning C4305: 'initializing': truncation from 'double' to 'float'
C:\Users\hp\Desktop\Graphics-Project--main\main.cpp(367,22): warning C4305: 'initializing': truncation from 'double' to 'float'
C:\Users\hp\Desktop\Graphics-Project--main\main.cpp(368,10): warning C4305: 'initializing': truncation from 'double' to 'float'
C:\Users\hp\Desktop\Graphics-Project--main\main.cpp(368,17): warning C4305: 'initializing': truncation from 'double' to 'float'
C:\Users\hp\Desktop\Graphics-Project--main\main.cpp(368,22): warning C4305: 'initializing': truncation from 'double' to 'float'
C:\Users\hp\Desktop\Graphics-Project--main\main.cpp(369,10): warning C4305: 'initializing': truncation from 'double' to 'float'
C:\Users\hp\Desktop\Graphics-Project--main\main.cpp(369,17): warning C4305: 'initializing': truncation from 'double' to 'float'
C:\Users\hp\Desktop\Graphics-Project--main\main.cpp(369,22): warning C4305: 'initializing': truncation from 'double' to 'float'
C:\Users\hp\Desktop\Graphics-Project--main\main.cpp(370,10): warning C4305: 'initializing': truncation from 'double' to 'float'
C:\Users\hp\Desktop\Graphics-Project--main\main.cpp(370,22): warning C4305: 'initializing': truncation from 'double' to 'float'
C:\Users\hp\Desktop\Graphics-Project--main\main.cpp(371,10): warning C4305: 'initializing': truncation from 'double' to 'float'
C:\Users\hp\Desktop\Graphics-Project--main\main.cpp(371,17): warning C4305: 'initializing': truncation from 'double' to 'float'
C:\Users\hp\Desktop\Graphics-Project--main\main.cpp(371,22): warning C4305: 'initializing': truncation from 'double' to 'float'
C:\Users\hp\Desktop\Graphics-Project--main\main.cpp(372,10): warning C4305: 'initializing': truncation from 'double' to 'float'
C:\Users\hp\Desktop\Graphics-Project--main\main.cpp(372,17): warning C4305: 'initializing': truncation from 'double' to 'float'
C:\Users\hp\Desktop\Graphics-Project--main\main.cpp(372,22): warning C4305: 'initializing': truncation from 'double' to 'float'
C:\Users\hp\Desktop\Graphics-Project--main\main.cpp(373,10): warning C4305: 'initializing': truncation from 'double' to 'float'
C:\Users\hp\Desktop\Graphics-Project--main\main.cpp(373,17): warning C4305: 'initializing': truncation from 'double' to 'float'
C:\Users\hp\Desktop\Graphics-Project--main\main.cpp(373,22): warning C4305: 'initializing': truncation from 'double' to 'float'
C:\Users\hp\Desktop\Graphics-Project--main\main.cpp(374,10): warning C4305: 'initializing': truncation from 'double' to 'float'
C:\Users\hp\Desktop\Graphics-Project--main\main.cpp(374,17): warning C4305: 'initializing': truncation from 'double' to 'float'
C:\Users\hp\Desktop\Graphics-Project--main\main.cpp(374,22): warning C4305: 'initializing': truncation from 'double' to 'float'
C:\Users\hp\Desktop\Graphics-Project--main\main.cpp(375,10): warning C4305: 'initializing': truncation from 'double' to 'float'
C:\Users\hp\Desktop\Graphics-Project--main\main.cpp(375,22): warning C4305: 'initializing': truncation from 'double' to 'float'
C:\Users\hp\Desktop\Graphics-Project--main\main.cpp(376,10): warning C4305: 'initializing': truncation from 'double' to 'float'
C:\Users\hp\Desktop\Graphics-Project--main\main.cpp(376,17): warning C4305: 'initializing': truncation from 'double' to 'float'
C:\Users\hp\Desktop\Graphics-Project--main\main.cpp(376,22): warning C4305: 'initializing': truncation from 'double' to 'float'
C:\Users\hp\Desktop\Graphics-Project--main\main.cpp(377,10): warning C4305: 'initializing': truncation from 'double' to 'float'
C:\Users\hp\Desktop\Graphics-Project--main\main.cpp(377,17): warning C4305: 'initializing': truncation from 'double' to 'float'
C:\Users\hp\Desktop\Graphics-Project--main\main.cpp(377,22): warning C4305: 'initializing': truncation from 'double' to 'float'
C:\Users\hp\Desktop\Graphics-Project--main\main.cpp(378,10): warning C4305: 'initializing': truncation from 'double' to 'float'
C:\Users\hp\Desktop\Graphics-Project--main\main.cpp(378,17): warning C4305: 'initializing': truncation from 'double' to 'float'
C:\Users\hp\Desktop\Graphics-Project--main\main.cpp(378,22): warning C4305: 'initializing': truncation from 'double' to 'float'
C:\Users\hp\Desktop\Graphics-Project--main\main.cpp(379,10): warning C4305: 'initializing': truncation from 'double' to 'float'
C:\Users\hp\Desktop\Graphics-Project--main\main.cpp(379,17): warning C4305: 'initializing': truncation from 'double' to 'float'
C:\Users\hp\Desktop\Graphics-Project--main\main.cpp(379,22): warning C4305: 'initializing': truncation from 'double' to 'float'
C:\Users\hp\Desktop\Graphics-Project--main\main.cpp(380,10): warning C4305: 'initializing': truncation from 'double' to 'float'
C:\Users\hp\Desktop\Graphics-Project--main\main.cpp(380,22): warning C4305: 'initializing': truncation from 'double' to 'float'
C:\Users\hp\Desktop\Graphics-Project--main\main.cpp(381,10): warning C4305: 'initializing': truncation from 'double' to 'float'
C:\Users\hp\Desktop\Graphics-Project--main\main.cpp(381,17): warning C4305: 'initializing': truncation from 'double' to 'float'
C:\Users\hp\Desktop\Graphics-Project--main\main.cpp(381,22): warning C4305: 'initializing': truncation from 'double' to 'float'
C:\Users\hp\Desktop\Graphics-Project--main\main.cpp(382,10): warning C4305: 'initializing': truncation from 'double' to 'float'
C:\Users\hp\Desktop\Graphics-Project--main\main.cpp(382,17): warning C4305: 'initializing': truncation from 'double' to 'float'
C:\Users\hp\Desktop\Graphics-Project--main\main.cpp(382,22): warning C4305: 'initializing': truncation from 'double' to 'float'
C:\Users\hp\Desktop\Graphics-Project--main\main.cpp(383,10): warning C4305: 'initializing': truncation from 'double' to 'float'
C:\Users\hp\Desktop\Graphics-Project--main\main.cpp(383,17): warning C4305: 'initializing': truncation from 'double' to 'float'
C:\Users\hp\Desktop\Graphics-Project--main\main.cpp(383,22): warning C4305: 'initializing': truncation from 'double' to 'float'
C:\Users\hp\Desktop\Graphics-Project--main\main.cpp(384,10): warning C4305: 'initializing': truncation from 'double' to 'float'
C:\Users\hp\Desktop\Graphics-Project--main\main.cpp(384,17): warning C4305: 'initializing': truncation from 'double' to 'float'
C:\Users\hp\Desktop\Graphics-Project--main\main.cpp(384,22): warning C4305: 'initializing': truncation from 'double' to 'float'
C:\Users\hp\Desktop\Graphics-Project--main\main.cpp(388,22): warning C4305: 'initializing': truncation from 'double' to 'float'
C:\Users\hp\Desktop\Graphics-Project--main\main.cpp(389,10): warning C4305: 'initializing': truncation from 'double' to 'float'
C:\Users\hp\Desktop\Graphics-Project--main\main.cpp(389,22): warning C4305: 'initializing': truncation from 'double' to 'float'
C:\Users\hp\Desktop\Graphics-Project--main\main.cpp(390,10): warning C4305: 'initializing': truncation from 'double' to 'float'
C:\Users\hp\Desktop\Graphics-Project--main\main.cpp(390,17): warning C4305: 'initializing': truncation from 'double' to 'float'
C:\Users\hp\Desktop\Graphics-Project--main\main.cpp(390,22): warning C4305: 'initializing': truncation from 'double' to 'float'
C:\Users\hp\Desktop\Graphics-Project--main\main.cpp(391,17): warning C4305: 'initializing': truncation from 'double' to 'float'
C:\Users\hp\Desktop\Graphics-Project--main\main.cpp(391,22): warning C4305: 'initializing': truncation from 'double' to 'float'
C:\Users\hp\Desktop\Graphics-Project--main\main.cpp(392,10): warning C4305: 'initializing': truncation from 'double' to 'float'
C:\Users\hp\Desktop\Graphics-Project--main\main.cpp(392,17): warning C4305: 'initializing': truncation from 'double' to 'float'
C:\Users\hp\Desktop\Graphics-Project--main\main.cpp(392,22): warning C4305: 'initializing': truncation from 'double' to 'float'
C:\Users\hp\Desktop\Graphics-Project--main\main.cpp(393,10): warning C4305: 'initializing': truncation from 'double' to 'float'
C:\Users\hp\Desktop\Graphics-Project--main\main.cpp(393,17): warning C4305: 'initializing': truncation from 'double' to 'float'
C:\Users\hp\Desktop\Graphics-Project--main\main.cpp(393,22): warning C4305: 'initializing': truncation from 'double' to 'float'
C:\Users\hp\Desktop\Graphics-Project--main\main.cpp(394,10): warning C4305: 'initializing': truncation from 'double' to 'float'
C:\Users\hp\Desktop\Graphics-Project--main\main.cpp(394,22): warning C4305: 'initializing': truncation from 'double' to 'float'
C:\Users\hp\Desktop\Graphics-Project--main\main.cpp(395,10): warning C4305: 'initializing': truncation from 'double' to 'float'
C:\Users\hp\Desktop\Graphics-Project--main\main.cpp(395,17): warning C4305: 'initializing': truncation from 'double' to 'float'
C:\Users\hp\Desktop\Graphics-Project--main\main.cpp(395,22): warning C4305: 'initializing': truncation from 'double' to 'float'
C:\Users\hp\Desktop\Graphics-Project--main\main.cpp(396,10): warning C4305: 'initializing': truncation from 'double' to 'float'
C:\Users\hp\Desktop\Graphics-Project--main\main.cpp(396,17): warning C4305: 'initializing': truncation from 'double' to 'float'
C:\Users\hp\Desktop\Graphics-Project--main\main.cpp(396,22): warning C4305: 'initializing': truncation from 'double' to 'float'
C:\Users\hp\Desktop\Graphics-Project--main\main.cpp(397,10): warning C4305: 'initializing': truncation from 'double' to 'float'
C:\Users\hp\Desktop\Graphics-Project--main\main.cpp(397,17): warning C4305: 'initializing': truncation from 'double' to 'float'
C:\Users\hp\Desktop\Graphics-Project--main\main.cpp(397,22): warning C4305: 'initializing': truncation from 'double' to 'float'
C:\Users\hp\Desktop\Graphics-Project--main\main.cpp(398,10): warning C4305: 'initializing': truncation from 'double' to 'float'
C:\Users\hp\Desktop\Graphics-Project--main\main.cpp(398,17): warning C4305: 'initializing': truncation from 'double' to 'float'
C:\Users\hp\Desktop\Graphics-Project--main\main.cpp(398,22): warning C4305: 'initializing': truncation from 'double' to 'float'
C:\Users\hp\Desktop\Graphics-Project--main\main.cpp(399,10): warning C4305: 'initializing': truncation from 'double' to 'float'
C:\Users\hp\Desktop\Graphics-Project--main\main.cpp(399,22): warning C4305: 'initializing': truncation from 'double' to 'float'
C:\Users\hp\Desktop\Graphics-Project--main\main.cpp(400,10): warning C4305: 'initializing': truncation from 'double' to 'float'
C:\Users\hp\Desktop\Graphics-Project--main\main.cpp(400,17): warning C4305: 'initializing': truncation from 'double' to 'float'
C:\Users\hp\Desktop\Graphics-Project--main\main.cpp(400,22): warning C4305: 'initializing': truncation from 'double' to 'float'
C:\Users\hp\Desktop\Graphics-Project--main\main.cpp(401,10): warning C4305: 'initializing': truncation from 'double' to 'float'
C:\Users\hp\Desktop\Graphics-Project--main\main.cpp(401,17): warning C4305: 'initializing': truncation from 'double' to 'float'
C:\Users\hp\Desktop\Graphics-Project--main\main.cpp(401,22): warning C4305: 'initializing': truncation from 'double' to 'float'
C:\Users\hp\Desktop\Graphics-Project--main\main.cpp(402,10): warning C4305: 'initializing': truncation from 'double' to 'float'
C:\Users\hp\Desktop\Graphics-Project--main\main.cpp(402,17): warning C4305: 'initializing': truncation from 'double' to 'float'
C:\Users\hp\Desktop\Graphics-Project--main\main.cpp(402,22): warning C4305: 'initializing': truncation from 'double' to 'float'
C:\Users\hp\Desktop\Graphics-Project--main\main.cpp(403,10): warning C4305: 'initializing': truncation from 'double' to 'float'
C:\Users\hp\Desktop\Graphics-Project--main\main.cpp(403,17): warning C4305: 'initializing': truncation from 'double' to 'float'
C:\Users\hp\Desktop\Graphics-Project--main\main.cpp(403,22): warning C4305: 'initializing': truncation from 'double' to 'float'
C:\Users\hp\Desktop\Graphics-Project--main\main.cpp(404,10): warning C4305: 'initializing': truncation from 'double' to 'float'
C:\Users\hp\Desktop\Graphics-Project--main\main.cpp(404,22): warning C4305: 'initializing': truncation from 'double' to 'float'
C:\Users\hp\Desktop\Graphics-Project--main\main.cpp(405,10): warning C4305: 'initializing': truncation from 'double' to 'float'
C:\Users\hp\Desktop\Graphics-Project--main\main.cpp(405,17): warning C4305: 'initializing': truncation from 'double' to 'float'
C:\Users\hp\Desktop\Graphics-Project--main\main.cpp(405,22): warning C4305: 'initializing': truncation from 'double' to 'float'
C:\Users\hp\Desktop\Graphics-Project--main\main.cpp(406,10): warning C4305: 'initializing': truncation from 'double' to 'float'
C:\Users\hp\Desktop\Graphics-Project--main\main.cpp(406,17): warning C4305: 'initializing': truncation from 'double' to 'float'
C:\Users\hp\Desktop\Graphics-Project--main\main.cpp(406,22): warning C4305: 'initializing': truncation from 'double' to 'float'
C:\Users\hp\Desktop\Graphics-Project--main\main.cpp(407,10): warning C4305: 'initializing': truncation from 'double' to 'float'
C:\Users\hp\Desktop\Graphics-Project--main\main.cpp(407,17): warning C4305: 'initializing': truncation from 'double' to 'float'
C:\Users\hp\Desktop\Graphics-Project--main\main.cpp(407,22): warning C4305: 'initializing': truncation from 'double' to 'float'
C:\Users\hp\Desktop\Graphics-Project--main\main.cpp(408,10): warning C4305: 'initializing': truncation from 'double' to 'float'
C:\Users\hp\Desktop\Graphics-Project--main\main.cpp(408,17): warning C4305: 'initializing': truncation from 'double' to 'float'
C:\Users\hp\Desktop\Graphics-Project--main\main.cpp(408,22): warning C4305: 'initializing': truncation from 'double' to 'float'
C:\Users\hp\Desktop\Graphics-Project--main\main.cpp(409,17): warning C4305: 'initializing': truncation from 'double' to 'float'
C:\Users\hp\Desktop\Graphics-Project--main\main.cpp(409,22): warning C4305: 'initializing': truncation from 'double' to 'float'
C:\Users\hp\Desktop\Graphics-Project--main\main.cpp(413,9): warning C4305: 'initializing': truncation from 'double' to 'float'
C:\Users\hp\Desktop\Graphics-Project--main\main.cpp(413,18): warning C4305: 'initializing': truncation from 'double' to 'float'
C:\Users\hp\Desktop\Graphics-Project--main\main.cpp(413,26): warning C4305: 'initializing': truncation from 'double' to 'float'
C:\Users\hp\Desktop\Graphics-Project--main\main.cpp(414,9): warning C4305: 'initializing': truncation from 'double' to 'float'
C:\Users\hp\Desktop\Graphics-Project--main\main.cpp(414,18): warning C4305: 'initializing': truncation from 'double' to 'float'
C:\Users\hp\Desktop\Graphics-Project--main\main.cpp(414,26): warning C4305: 'initializing': truncation from 'double' to 'float'
C:\Users\hp\Desktop\Graphics-Project--main\main.cpp(415,9): warning C4305: 'initializing': truncation from 'double' to 'float'
C:\Users\hp\Desktop\Graphics-Project--main\main.cpp(415,18): warning C4305: 'initializing': truncation from 'double' to 'float'
C:\Users\hp\Desktop\Graphics-Project--main\main.cpp(415,26): warning C4305: 'initializing': truncation from 'double' to 'float'
C:\Users\hp\Desktop\Graphics-Project--main\main.cpp(416,9): warning C4305: 'initializing': truncation from 'double' to 'float'
C:\Users\hp\Desktop\Graphics-Project--main\main.cpp(416,18): warning C4305: 'initializing': truncation from 'double' to 'float'
C:\Users\hp\Desktop\Graphics-Project--main\main.cpp(416,26): warning C4305: 'initializing': truncation from 'double' to 'float'
C:\Users\hp\Desktop\Graphics-Project--main\main.cpp(417,9): warning C4305: 'initializing': truncation from 'double' to 'float'
C:\Users\hp\Desktop\Graphics-Project--main\main.cpp(417,18): warning C4305: 'initializing': truncation from 'double' to 'float'
C:\Users\hp\Desktop\Graphics-Project--main\main.cpp(417,26): warning C4305: 'initializing': truncation from 'double' to 'float'
C:\Users\hp\Desktop\Graphics-Project--main\main.cpp(418,9): warning C4305: 'initializing': truncation from 'double' to 'float'
C:\Users\hp\Desktop\Graphics-Project--main\main.cpp(418,18): warning C4305: 'initializing': truncation from 'double' to 'float'
C:\Users\hp\Desktop\Graphics-Project--main\main.cpp(418,26): warning C4305: 'initializing': truncation from 'double' to 'float'
C:\Users\hp\Desktop\Graphics-Project--main\main.cpp(419,9): warning C4305: 'initializing': truncation from 'double' to 'float'
C:\Users\hp\Desktop\Graphics-Project--main\main.cpp(419,18): warning C4305: 'initializing': truncation from 'double' to 'float'
C:\Users\hp\Desktop\Graphics-Project--main\main.cpp(419,26): warning C4305: 'initializing': truncation from 'double' to 'float'
C:\Users\hp\Desktop\Graphics-Project--main\main.cpp(420,18): warning C4305: 'initializing': truncation from 'double' to 'float'
C:\Users\hp\Desktop\Graphics-Project--main\main.cpp(420,26): warning C4305: 'initializing': truncation from 'double' to 'float'
C:\Users\hp\Desktop\Graphics-Project--main\main.cpp(421,9): warning C4305: 'initializing': truncation from 'double' to 'float'
C:\Users\hp\Desktop\Graphics-Project--main\main.cpp(421,18): warning C4305: 'initializing': truncation from 'double' to 'float'
C:\Users\hp\Desktop\Graphics-Project--main\main.cpp(421,26): warning C4305: 'initializing': truncation from 'double' to 'float'
C:\Users\hp\Desktop\Graphics-Project--main\main.cpp(422,9): warning C4305: 'initializing': truncation from 'double' to 'float'
C:\Users\hp\Desktop\Graphics-Project--main\main.cpp(422,18): warning C4305: 'initializing': truncation from 'double' to 'float'
C:\Users\hp\Desktop\Graphics-Project--main\main.cpp(422,26): warning C4305: 'initializing': truncation from 'double' to 'float'
C:\Users\hp\Desktop\Graphics-Project--main\main.cpp(423,9): warning C4305: 'initializing': truncation from 'double' to 'float'
C:\Users\hp\Desktop\Graphics-Project--main\main.cpp(423,18): warning C4305: 'initializing': truncation from 'double' to 'float'
C:\Users\hp\Desktop\Graphics-Project--main\main.cpp(423,26): warning C4305: 'initializing': truncation from 'double' to 'float'
C:\Users\hp\Desktop\Graphics-Project--main\main.cpp(424,18): warning C4305: 'initializing': truncation from 'double' to 'float'
C:\Users\hp\Desktop\Graphics-Project--main\main.cpp(424,26): warning C4305: 'initializing': truncation from 'double' to 'float'
C:\Users\hp\Desktop\Graphics-Project--main\main.cpp(425,9): warning C4305: 'initializing': truncation from 'double' to 'float'
C:\Users\hp\Desktop\Graphics-Project--main\main.cpp(425,26): warning C4305: 'initializing': truncation from 'double' to 'float'
C:\Users\hp\Desktop\Graphics-Project--main\main.cpp(426,9): warning C4305: 'initializing': truncation from 'double' to 'float'
C:\Users\hp\Desktop\Graphics-Project--main\main.cpp(426,18): warning C4305: 'initializing': truncation from 'double' to 'float'
C:\Users\hp\Desktop\Graphics-Project--main\main.cpp(426,26): warning C4305: 'initializing': truncation from 'double' to 'float'
C:\Users\hp\Desktop\Graphics-Project--main\main.cpp(427,9): warning C4305: 'initializing': truncation from 'double' to 'float'
C:\Users\hp\Desktop\Graphics-Project--main\main.cpp(427,26): warning C4305: 'initializing': truncation from 'double' to 'float'
C:\Users\hp\Desktop\Graphics-Project--main\main.cpp(428,9): warning C4305: 'initializing': truncation from 'double' to 'float'
C:\Users\hp\Desktop\Graphics-Project--main\main.cpp(428,18): warning C4305: 'initializing': truncation from 'double' to 'float'
C:\Users\hp\Desktop\Graphics-Project--main\main.cpp(428,26): warning C4305: 'initializing': truncation from 'double' to 'float'
C:\Users\hp\Desktop\Graphics-Project--main\main.cpp(429,9): warning C4305: 'initializing': truncation from 'double' to 'float'
C:\Users\hp\Desktop\Graphics-Project--main\main.cpp(429,26): warning C4305: 'initializing': truncation from 'double' to 'float'
C:\Users\hp\Desktop\Graphics-Project--main\main.cpp(430,9): warning C4305: 'initializing': truncation from 'double' to 'float'
C:\Users\hp\Desktop\Graphics-Project--main\main.cpp(430,18): warning C4305: 'initializing': truncation from 'double' to 'float'
C:\Users\hp\Desktop\Graphics-Project--main\main.cpp(430,26): warning C4305: 'initializing': truncation from 'double' to 'float'
C:\Users\hp\Desktop\Graphics-Project--main\main.cpp(431,9): warning C4305: 'initializing': truncation from 'double' to 'float'
C:\Users\hp\Desktop\Graphics-Project--main\main.cpp(431,18): warning C4305: 'initializing': truncation from 'double' to 'float'
C:\Users\hp\Desktop\Graphics-Project--main\main.cpp(431,26): warning C4305: 'initializing': truncation from 'double' to 'float'
C:\Users\hp\Desktop\Graphics-Project--main\main.cpp(432,9): warning C4305: 'initializing': truncation from 'double' to 'float'
C:\Users\hp\Desktop\Graphics-Project--main\main.cpp(432,18): warning C4305: 'initializing': truncation from 'double' to 'float'
C:\Users\hp\Desktop\Graphics-Project--main\main.cpp(432,26): warning C4305: 'initializing': truncation from 'double' to 'float'
C:\Users\hp\Desktop\Graphics-Project--main\main.cpp(433,9): warning C4305: 'initializing': truncation from 'double' to 'float'
C:\Users\hp\Desktop\Graphics-Project--main\main.cpp(433,18): warning C4305: 'initializing': truncation from 'double' to 'float'
C:\Users\hp\Desktop\Graphics-Project--main\main.cpp(433,26): warning C4305: 'initializing': truncation from 'double' to 'float'
C:\Users\hp\Desktop\Graphics-Project--main\main.cpp(434,9): warning C4305: 'initializing': truncation from 'double' to 'float'
C:\Users\hp\Desktop\Graphics-Project--main\main.cpp(434,18): warning C4305: 'initializing': truncation from 'double' to 'float'
C:\Users\hp\Desktop\Graphics-Project--main\main.cpp(434,26): warning C4305: 'initializing': truncation from 'double' to 'float'
C:\Users\hp\Desktop\Graphics-Project--main\main.cpp(435,9): warning C4305: 'initializing': truncation from 'double' to 'float'
C:\Users\hp\Desktop\Graphics-Project--main\main.cpp(435,18): warning C4305: 'initializing': truncation from 'double' to 'float'
C:\Users\hp\Desktop\Graphics-Project--main\main.cpp(435,26): warning C4305: 'initializing': truncation from 'double' to 'float'
C:\Users\hp\Desktop\Graphics-Project--main\main.cpp(436,9): warning C4305: 'initializing': truncation from 'double' to 'float'
C:\Users\hp\Desktop\Graphics-Project--main\main.cpp(436,18): warning C4305: 'initializing': truncation from 'double' to 'float'
C:\Users\hp\Desktop\Graphics-Project--main\main.cpp(436,26): warning C4305: 'initializing': truncation from 'double' to 'float'
C:\Users\hp\Desktop\Graphics-Project--main\main.cpp(437,14): warning C4305: 'initializing': truncation from 'double' to 'float'
C:\Users\hp\Desktop\Graphics-Project--main\main.cpp(437,22): warning C4305: 'initializing': truncation from 'double' to 'float'
C:\Users\hp\Desktop\Graphics-Project--main\main.cpp(441,18): warning C4305: 'initializing': truncation from 'double' to 'float'
C:\Users\hp\Desktop\Graphics-Project--main\main.cpp(441,26): warning C4305: 'initializing': truncation from 'double' to 'float'
C:\Users\hp\Desktop\Graphics-Project--main\main.cpp(442,9): warning C4305: 'initializing': truncation from 'double' to 'float'
C:\Users\hp\Desktop\Graphics-Project--main\main.cpp(442,18): warning C4305: 'initializing': truncation from 'double' to 'float'
C:\Users\hp\Desktop\Graphics-Project--main\main.cpp(442,26): warning C4305: 'initializing': truncation from 'double' to 'float'
C:\Users\hp\Desktop\Graphics-Project--main\main.cpp(443,9): warning C4305: 'initializing': truncation from 'double' to 'float'
C:\Users\hp\Desktop\Graphics-Project--main\main.cpp(443,18): warning C4305: 'initializing': truncation from 'double' to 'float'
C:\Users\hp\Desktop\Graphics-Project--main\main.cpp(443,26): warning C4305: 'initializing': truncation from 'double' to 'float'
C:\Users\hp\Desktop\Graphics-Project--main\main.cpp(444,9): warning C4305: 'initializing': truncation from 'double' to 'float'
C:\Users\hp\Desktop\Graphics-Project--main\main.cpp(444,18): warning C4305: 'initializing': truncation from 'double' to 'float'
C:\Users\hp\Desktop\Graphics-Project--main\main.cpp(444,26): warning C4305: 'initializing': truncation from 'double' to 'float'
C:\Users\hp\Desktop\Graphics-Project--main\main.cpp(445,18): warning C4305: 'initializing': truncation from 'double' to 'float'
C:\Users\hp\Desktop\Graphics-Project--main\main.cpp(445,26): warning C4305: 'initializing': truncation from 'double' to 'float'
C:\Users\hp\Desktop\Graphics-Project--main\main.cpp(446,9): warning C4305: 'initializing': truncation from 'double' to 'float'
C:\Users\hp\Desktop\Graphics-Project--main\main.cpp(446,26): warning C4305: 'initializing': truncation from 'double' to 'float'
C:\Users\hp\Desktop\Graphics-Project--main\main.cpp(447,9): warning C4305: 'initializing': truncation from 'double' to 'float'
C:\Users\hp\Desktop\Graphics-Project--main\main.cpp(447,18): warning C4305: 'initializing': truncation from 'double' to 'float'
C:\Users\hp\Desktop\Graphics-Project--main\main.cpp(447,26): warning C4305: 'initializing': truncation from 'double' to 'float'
C:\Users\hp\Desktop\Graphics-Project--main\main.cpp(448,9): warning C4305: 'initializing': truncation from 'double' to 'float'
C:\Users\hp\Desktop\Graphics-Project--main\main.cpp(448,26): warning C4305: 'initializing': truncation from 'double' to 'float'
C:\Users\hp\Desktop\Graphics-Project--main\main.cpp(449,9): warning C4305: 'initializing': truncation from 'double' to 'float'
C:\Users\hp\Desktop\Graphics-Project--main\main.cpp(449,18): warning C4305: 'initializing': truncation from 'double' to 'float'
C:\Users\hp\Desktop\Graphics-Project--main\main.cpp(449,26): warning C4305: 'initializing': truncation from 'double' to 'float'
C:\Users\hp\Desktop\Graphics-Project--main\main.cpp(450,9): warning C4305: 'initializing': truncation from 'double' to 'float'
C:\Users\hp\Desktop\Graphics-Project--main\main.cpp(450,26): warning C4305: 'initializing': truncation from 'double' to 'float'
C:\Users\hp\Desktop\Graphics-Project--main\main.cpp(451,9): warning C4305: 'initializing': truncation from 'double' to 'float'
C:\Users\hp\Desktop\Graphics-Project--main\main.cpp(451,18): warning C4305: 'initializing': truncation from 'double' to 'float'
C:\Users\hp\Desktop\Graphics-Project--main\main.cpp(451,26): warning C4305: 'initializing': truncation from 'double' to 'float'
C:\Users\hp\Desktop\Graphics-Project--main\main.cpp(452,9): warning C4305: 'initializing': truncation from 'double' to 'float'
C:\Users\hp\Desktop\Graphics-Project--main\main.cpp(452,18): warning C4305: 'initializing': truncation from 'double' to 'float'
C:\Users\hp\Desktop\Graphics-Project--main\main.cpp(452,26): warning C4305: 'initializing': truncation from 'double' to 'float'
C:\Users\hp\Desktop\Graphics-Project--main\main.cpp(453,9): warning C4305: 'initializing': truncation from 'double' to 'float'
C:\Users\hp\Desktop\Graphics-Project--main\main.cpp(453,18): warning C4305: 'initializing': truncation from 'double' to 'float'
C:\Users\hp\Desktop\Graphics-Project--main\main.cpp(453,26): warning C4305: 'initializing': truncation from 'double' to 'float'
C:\Users\hp\Desktop\Graphics-Project--main\main.cpp(454,9): warning C4305: 'initializing': truncation from 'double' to 'float'
C:\Users\hp\Desktop\Graphics-Project--main\main.cpp(454,18): warning C4305: 'initializing': truncation from 'double' to 'float'
C:\Users\hp\Desktop\Graphics-Project--main\main.cpp(454,26): warning C4305: 'initializing': truncation from 'double' to 'float'
C:\Users\hp\Desktop\Graphics-Project--main\main.cpp(455,9): warning C4305: 'initializing': truncation from 'double' to 'float'
C:\Users\hp\Desktop\Graphics-Project--main\main.cpp(455,18): warning C4305: 'initializing': truncation from 'double' to 'float'
C:\Users\hp\Desktop\Graphics-Project--main\main.cpp(455,26): warning C4305: 'initializing': truncation from 'double' to 'float'
C:\Users\hp\Desktop\Graphics-Project--main\main.cpp(456,9): warning C4305: 'initializing': truncation from 'double' to 'float'
C:\Users\hp\Desktop\Graphics-Project--main\main.cpp(456,18): warning C4305: 'initializing': truncation from 'double' to 'float'
C:\Users\hp\Desktop\Graphics-Project--main\main.cpp(456,26): warning C4305: 'initializing': truncation from 'double' to 'float'
C:\Users\hp\Desktop\Graphics-Project--main\main.cpp(457,9): warning C4305: 'initializing': truncation from 'double' to 'float'
C:\Users\hp\Desktop\Graphics-Project--main\main.cpp(457,18): warning C4305: 'initializing': truncation from 'double' to 'float'
C:\Users\hp\Desktop\Graphics-Project--main\main.cpp(457,26): warning C4305: 'initializing': truncation from 'double' to 'float'
C:\Users\hp\Desktop\Graphics-Project--main\main.cpp(458,18): warning C4305: 'initializing': truncation from 'double' to 'float'
C:\Users\hp\Desktop\Graphics-Project--main\main.cpp(458,26): warning C4305: 'initializing': truncation from 'double' to 'float'
C:\Users\hp\Desktop\Graphics-Project--main\main.cpp(871,38): warning C4101: 'revtranslate': unreferenced local variable
C:\Users\hp\Desktop\Graphics-Project--main\main.cpp(871,52): warning C4101: 'alTogether': unreferenced local variable
C:\Users\hp\Desktop\Graphics-Project--main\main.cpp(2169,56): warning C4305: 'argument': truncation from 'double' to 'float'
C:\Users\hp\Desktop\Graphics-Project--main\main.cpp(2169,51): warning C4305: 'argument': truncation from 'double' to 'float'
C:\Users\hp\Desktop\Graphics-Project--main\main.cpp(2169,46): warning C4305: 'argument': truncation from 'double' to 'float'
C:\Users\hp\Desktop\Graphics-Project--main\main.cpp(2174,56): warning C4305: 'argument': truncation from 'double' to 'float'
C:\Users\hp\Desktop\Graphics-Project--main\main.cpp(2174,51): warning C4305: 'argument': truncation from 'double' to 'float'
C:\Users\hp\Desktop\Graphics-Project--main\main.cpp(2174,46): warning C4305: 'argument': truncation from 'double' to 'float'
C:\Users\hp\Desktop\Graphics-Project--main\main.cpp(2179,56): warning C4305: 'argument': truncation from 'double' to 'float'
C:\Users\hp\Desktop\Graphics-Project--main\main.cpp(2179,51): warning C4305: 'argument': truncation from 'double' to 'float'
C:\Users\hp\Desktop\Graphics-Project--main\main.cpp(2179,46): warning C4305: 'argument': truncation from 'double' to 'float'
C:\Users\hp\Desktop\Graphics-Project--main\main.cpp(2184,56): warning C4305: 'argument': truncation from 'double' to 'float'
C:\Users\hp\Desktop\Graphics-Project--main\main.cpp(2184,51): warning C4305: 'argument': truncation from 'double' to 'float'
C:\Users\hp\Desktop\Graphics-Project--main\main.cpp(2184,46): warning C4305: 'argument': truncation from 'double' to 'float'
C:\Users\hp\Desktop\Graphics-Project--main\main.cpp(2189,56): warning C4305: 'argument': truncation from 'double' to 'float'
C:\Users\hp\Desktop\Graphics-Project--main\main.cpp(2189,51): warning C4305: 'argument': truncation from 'double' to 'float'
C:\Users\hp\Desktop\Graphics-Project--main\main.cpp(2189,46): warning C4305: 'argument': truncation from 'double' to 'float'
C:\Users\hp\Desktop\Graphics-Project--main\main.cpp(2194,56): warning C4305: 'argument': truncation from 'double' to 'float'
C:\Users\hp\Desktop\Graphics-Project--main\main.cpp(2194,51): warning C4305: 'argument': truncation from 'double' to 'float'
C:\Users\hp\Desktop\Graphics-Project--main\main.cpp(2194,46): warning C4305: 'argument': truncation from 'double' to 'float'
C:\Users\hp\Desktop\Graphics-Project--main\main.cpp(2199,56): warning C4305: 'argument': truncation from 'double' to 'float'
C:\Users\hp\Desktop\Graphics-Project--main\main.cpp(2199,51): warning C4305: 'argument': truncation from 'double' to 'float'
C:\Users\hp\Desktop\Graphics-Project--main\main.cpp(2199,46): warning C4305: 'argument': truncation from 'double' to 'float'
C:\Users\hp\Desktop\Graphics-Project--main\main.cpp(2204,56): warning C4305: 'argument': truncation from 'double' to 'float'
C:\Users\hp\Desktop\Graphics-Project--main\main.cpp(2204,51): warning C4305: 'argument': truncation from 'double' to 'float'
C:\Users\hp\Desktop\Graphics-Project--main\main.cpp(2204,46): warning C4305: 'argument': truncation from 'double' to 'float'
C:\Users\hp\Desktop\Graphics-Project--main\main.cpp(2257,22): warning C4305: 'initializing': truncation from 'double' to 'float'
C:\Users\hp\Desktop\Graphics-Project--main\main.cpp(2270,56): warning C4305: 'argument': truncation from 'double' to 'float'
C:\Users\hp\Desktop\Graphics-Project--main\main.cpp(2270,51): warning C4305: 'argument': truncation from 'double' to 'float'
C:\Users\hp\Desktop\Graphics-Project--main\main.cpp(2270,46): warning C4305: 'argument': truncation from 'double' to 'float'
C:\Users\hp\Desktop\Graphics-Project--main\main.cpp(2277,56): warning C4305: 'argument': truncation from 'double' to 'float'
C:\Users\hp\Desktop\Graphics-Project--main\main.cpp(2277,51): warning C4305: 'argument': truncation from 'double' to 'float'
C:\Users\hp\Desktop\Graphics-Project--main\main.cpp(2277,46): warning C4305: 'argument': truncation from 'double' to 'float'
C:\Users\hp\Desktop\Graphics-Project--main\main.cpp(2282,56): warning C4305: 'argument': truncation from 'double' to 'float'
C:\Users\hp\Desktop\Graphics-Project--main\main.cpp(2282,51): warning C4305: 'argument': truncation from 'double' to 'float'
C:\Users\hp\Desktop\Graphics-Project--main\main.cpp(2282,46): warning C4305: 'argument': truncation from 'double' to 'float'
C:\Users\hp\Desktop\Graphics-Project--main\main.cpp(2287,56): warning C4305: 'argument': truncation from 'double' to 'float'
C:\Users\hp\Desktop\Graphics-Project--main\main.cpp(2287,51): warning C4305: 'argument': truncation from 'double' to 'float'
C:\Users\hp\Desktop\Graphics-Project--main\main.cpp(2287,46): warning C4305: 'argument': truncation from 'double' to 'float'
C:\Users\hp\Desktop\Graphics-Project--main\main.cpp(2292,56): warning C4305: 'argument': truncation from 'double' to 'float'
C:\Users\hp\Desktop\Graphics-Project--main\main.cpp(2292,51): warning C4305: 'argument': truncation from 'double' to 'float'
C:\Users\hp\Desktop\Graphics-Project--main\main.cpp(2292,46): warning C4305: 'argument': truncation from 'double' to 'float'
C:\Users\hp\Desktop\Graphics-Project--main\main.cpp(2298,56): warning C4305: 'argument': truncation from 'double' to 'float'
C:\Users\hp\Desktop\Graphics-Project--main\main.cpp(2298,51): warning C4305: 'argument': truncation from 'double' to 'float'
C:\Users\hp\Desktop\Graphics-Project--main\main.cpp(2306,56): warning C4305: 'argument': truncation from 'double' to 'float'
C:\Users\hp\Desktop\Graphics-Project--main\main.cpp(2306,51): warning C4305: 'argument': truncation from 'double' to 'float'
C:\Users\hp\Desktop\Graphics-Project--main\main.cpp(2306,46): warning C4305: 'argument': truncation from 'double' to 'float'
C:\Users\hp\Desktop\Graphics-Project--main\main.cpp(2311,56): warning C4305: 'argument': truncation from 'double' to 'float'
C:\Users\hp\Desktop\Graphics-Project--main\main.cpp(2311,51): warning C4305: 'argument': truncation from 'double' to 'float'
C:\Users\hp\Desktop\Graphics-Project--main\main.cpp(2311,46): warning C4305: 'argument': truncation from 'double' to 'float'
C:\Users\hp\Desktop\Graphics-Project--main\main.cpp(2316,56): warning C4305: 'argument': truncation from 'double' to 'float'
C:\Users\hp\Desktop\Graphics-Project--main\main.cpp(2316,51): warning C4305: 'argument': truncation from 'double' to 'float'
C:\Users\hp\Desktop\Graphics-Project--main\main.cpp(2316,46): warning C4305: 'argument': truncation from 'double' to 'float'
C:\Users\hp\Desktop\Graphics-Project--main\main.cpp(2321,56): warning C4305: 'argument': truncation from 'double' to 'float'
C:\Users\hp\Desktop\Graphics-Project--main\main.cpp(2321,51): warning C4305: 'argument': truncation from 'double' to 'float'
C:\Users\hp\Desktop\Graphics-Project--main\main.cpp(2321,46): warning C4305: 'argument': truncation from 'double' to 'float'
C:\Users\hp\Desktop\Graphics-Project--main\main.cpp(2327,56): warning C4305: 'argument': truncation from 'double' to 'float'
C:\Users\hp\Desktop\Graphics-Project--main\main.cpp(2327,51): warning C4305: 'argument': truncation from 'double' to 'float'
C:\Users\hp\Desktop\Graphics-Project--main\main.cpp(2357,56): warning C4305: 'argument': truncation from 'double' to 'float'
C:\Users\hp\Desktop\Graphics-Project--main\main.cpp(2357,51): warning C4305: 'argument': truncation from 'double' to 'float'
C:\Users\hp\Desktop\Graphics-Project--main\main.cpp(2357,46): warning C4305: 'argument': truncation from 'double' to 'float'
C:\Users\hp\Desktop\Graphics-Project--main\main.cpp(2364,56): warning C4305: 'argument': truncation from 'double' to 'float'
C:\Users\hp\Desktop\Graphics-Project--main\main.cpp(2364,51): warning C4305: 'argument': truncation from 'double' to 'float'
C:\Users\hp\Desktop\Graphics-Project--main\main.cpp(2364,46): warning C4305: 'argument': truncation from 'double' to 'float'
C:\Users\hp\Desktop\Graphics-Project--main\main.cpp(2371,56): warning C4305: 'argument': truncation from 'double' to 'float'
C:\Users\hp\Desktop\Graphics-Project--main\main.cpp(2371,51): warning C4305: 'argument': truncation from 'double' to 'float'
C:\Users\hp\Desktop\Graphics-Project--main\main.cpp(2371,46): warning C4305: 'argument': truncation from 'double' to 'float'
C:\Users\hp\Desktop\Graphics-Project--main\main.cpp(2377,56): warning C4305: 'argument': truncation from 'double' to 'float'
C:\Users\hp\Desktop\Graphics-Project--main\main.cpp(2377,51): warning C4305: 'argument': truncation from 'double' to 'float'
C:\Users\hp\Desktop\Graphics-Project--main\main.cpp(2377,46): warning C4305: 'argument': truncation from 'double' to 'float'
C:\Users\hp\Desktop\Graphics-Project--main\main.cpp(2383,56): warning C4305: 'argument': truncation from 'double' to 'float'
C:\Users\hp\Desktop\Graphics-Project--main\main.cpp(2383,51): warning C4305: 'argument': truncation from 'double' to 'float'
C:\Users\hp\Desktop\Graphics-Project--main\main.cpp(2383,46): warning C4305: 'argument': truncation from 'double' to 'float'
C:\Users\hp\Desktop\Graphics-Project--main\main.cpp(2389,56): warning C4305: 'argument': truncation from 'double' to 'float'
C:\Users\hp\Desktop\Graphics-Project--main\main.cpp(2389,51): warning C4305: 'argument': truncation from 'double' to 'float'
C:\Users\hp\Desktop\Graphics-Project--main\main.cpp(2389,46): warning C4305: 'argument': truncation from 'double' to 'float'
C:\Users\hp\Desktop\Graphics-Project--main\main.cpp(2673,22): warning C4305: 'initializing': truncation from 'double' to 'float'
C:\Users\hp\Desktop\Graphics-Project--main\main.cpp(2704,58): warning C4305: 'argument': truncation from 'double' to 'float'
C:\Users\hp\Desktop\Graphics-Project--main\main.cpp(2704,53): warning C4305: 'argument': truncation from 'double' to 'float'
C:\Users\hp\Desktop\Graphics-Project--main\main.cpp(2704,46): warning C4305: 'argument': truncation from 'double' to 'float'
C:\Users\hp\Desktop\Graphics-Project--main\main.cpp(2745,56): warning C4305: 'argument': truncation from 'double' to 'float'
C:\Users\hp\Desktop\Graphics-Project--main\main.cpp(2745,51): warning C4305: 'argument': truncation from 'double' to 'float'
C:\Users\hp\Desktop\Graphics-Project--main\main.cpp(2745,46): warning C4305: 'argument': truncation from 'double' to 'float'
C:\Users\hp\Desktop\Graphics-Project--main\main.cpp(2750,56): warning C4305: 'argument': truncation from 'double' to 'float'
C:\Users\hp\Desktop\Graphics-Project--main\main.cpp(2750,51): warning C4305: 'argument': truncation from 'double' to 'float'
C:\Users\hp\Desktop\Graphics-Project--main\main.cpp(2750,46): warning C4305: 'argument': truncation from 'double' to 'float'
C:\Users\hp\Desktop\Graphics-Project--main\main.cpp(2755,56): warning C4305: 'argument': truncation from 'double' to 'float'
C:\Users\hp\Desktop\Graphics-Project--main\main.cpp(2755,51): warning C4305: 'argument': truncation from 'double' to 'float'
C:\Users\hp\Desktop\Graphics-Project--main\main.cpp(2755,46): warning C4305: 'argument': truncation from 'double' to 'float'
C:\Users\hp\Desktop\Graphics-Project--main\main.cpp(2760,56): warning C4305: 'argument': truncation from 'double' to 'float'
C:\Users\hp\Desktop\Graphics-Project--main\main.cpp(2760,51): warning C4305: 'argument': truncation from 'double' to 'float'
C:\Users\hp\Desktop\Graphics-Project--main\main.cpp(2760,46): warning C4305: 'argument': truncation from 'double' to 'float'
C:\Users\hp\Desktop\Graphics-Project--main\main.cpp(2767,56): warning C4305: 'argument': truncation from 'double' to 'float'
C:\Users\hp\Desktop\Graphics-Project--main\main.cpp(2767,51): warning C4305: 'argument': truncation from 'double' to 'float'
C:\Users\hp\Desktop\Graphics-Project--main\main.cpp(2772,56): warning C4305: 'argument': truncation from 'double' to 'float'
C:\Users\hp\Desktop\Graphics-Project--main\main.cpp(2772,51): warning C4305: 'argument': truncation from 'double' to 'float'
C:\Users\hp\Desktop\Graphics-Project--main\main.cpp(2777,56): warning C4305: 'argument': truncation from 'double' to 'float'
C:\Users\hp\Desktop\Graphics-Project--main\main.cpp(2777,51): warning C4305: 'argument': truncation from 'double' to 'float'
C:\Users\hp\Desktop\Graphics-Project--main\main.cpp(2782,56): warning C4305: 'argument': truncation from 'double' to 'float'
C:\Users\hp\Desktop\Graphics-Project--main\main.cpp(2782,51): warning C4305: 'argument': truncation from 'double' to 'float'
C:\Users\hp\Desktop\Graphics-Project--main\main.cpp(2790,46): warning C4305: 'argument': truncation from 'double' to 'float'
C:\Users\hp\Desktop\Graphics-Project--main\main.cpp(2811,56): warning C4305: 'argument': truncation from 'double' to 'float'
C:\Users\hp\Desktop\Graphics-Project--main\main.cpp(2811,51): warning C4305: 'argument': truncation from 'double' to 'float'
C:\Users\hp\Desktop\Graphics-Project--main\main.cpp(2811,46): warning C4305: 'argument': truncation from 'double' to 'float'
C:\Users\hp\Desktop\Graphics-Project--main\main.cpp(2815,56): warning C4305: 'argument': truncation from 'double' to 'float'
C:\Users\hp\Desktop\Graphics-Project--main\main.cpp(2815,51): warning C4305: 'argument': truncation from 'double' to 'float'
C:\Users\hp\Desktop\Graphics-Project--main\main.cpp(2815,46): warning C4305: 'argument': truncation from 'double' to 'float'
C:\Users\hp\Desktop\Graphics-Project--main\main.cpp(2835,19): warning C4244: 'initializing': conversion from 'double' to 'float', possible loss of data
C:\Users\hp\Desktop\Graphics-Project--main\main.cpp(2836,19): warning C4244: 'initializing': conversion from 'double' to 'float', possible loss of data
C:\Users\hp\Desktop\Graphics-Project--main\main.cpp(2837,19): warning C4244: 'initializing': conversion from 'double' to 'float', possible loss of data
C:\Users\hp\Desktop\Graphics-Project--main\main.cpp(2846,61): warning C4305: 'argument': truncation from 'double' to 'float'
C:\Users\hp\Desktop\Graphics-Project--main\main.cpp(2846,55): warning C4305: 'argument': truncation from 'double' to 'float'
C:\Users\hp\Desktop\Graphics-Project--main\main.cpp(2851,22): warning C4244: 'initializing': conversion from 'double' to 'float', possible loss of data
C:\Users\hp\Desktop\Graphics-Project--main\main.cpp(2852,22): warning C4244: 'initializing': conversion from 'double' to 'float', possible loss of data
C:\Users\hp\Desktop\Graphics-Project--main\main.cpp(2853,21): warning C4244: 'initializing': conversion from 'double' to 'float', possible loss of data
C:\Users\hp\Desktop\Graphics-Project--main\main.cpp(2858,61): warning C4305: 'argument': truncation from 'double' to 'float'
C:\Users\hp\Desktop\Graphics-Project--main\main.cpp(2858,55): warning C4305: 'argument': truncation from 'double' to 'float'
C:\Users\hp\Desktop\Graphics-Project--main\main.cpp(2863,61): warning C4305: 'argument': truncation from 'double' to 'float'
C:\Users\hp\Desktop\Graphics-Project--main\main.cpp(2863,55): warning C4305: 'argument': truncation from 'double' to 'float'
C:\Users\hp\Desktop\Graphics-Project--main\main.cpp(2868,61): warning C4305: 'argument': truncation from 'double' to 'float'
C:\Users\hp\Desktop\Graphics-Project--main\main.cpp(2868,55): warning C4305: 'argument': truncation from 'double' to 'float'
C:\Users\hp\Desktop\Graphics-Project--main\main.cpp(2873,61): warning C4305: 'argument': truncation from 'double' to 'float'
C:\Users\hp\Desktop\Graphics-Project--main\main.cpp(2873,55): warning C4305: 'argument': truncation from 'double' to 'float'
C:\Users\hp\Desktop\Graphics-Project--main\main.cpp(2877,61): warning C4305: 'argument': truncation from 'double' to 'float'
C:\Users\hp\Desktop\Graphics-Project--main\main.cpp(2877,55): warning C4305: 'argument': truncation from 'double' to 'float'
C:\Users\hp\Desktop\Graphics-Project--main\main.cpp(2880,19): warning C4244: 'initializing': conversion from 'double' to 'float', possible loss of data
C:\Users\hp\Desktop\Graphics-Project--main\main.cpp(2881,19): warning C4244: 'initializing': conversion from 'double' to 'float', possible loss of data
C:\Users\hp\Desktop\Graphics-Project--main\main.cpp(2882,19): warning C4244: 'initializing': conversion from 'double' to 'float', possible loss of data
C:\Users\hp\Desktop\Graphics-Project--main\main.cpp(2888,22): warning C4244: '=': conversion from 'double' to 'float', possible loss of data
C:\Users\hp\Desktop\Graphics-Project--main\main.cpp(2889,22): warning C4244: '=': conversion from 'double' to 'float', possible loss of data
C:\Users\hp\Desktop\Graphics-Project--main\main.cpp(2890,27): warning C4244: '=': conversion from 'double' to 'float', possible loss of data
C:\Users\hp\Desktop\Graphics-Project--main\main.cpp(2896,28): warning C4244: '=': conversion from 'double' to 'float', possible loss of data
C:\Users\hp\Desktop\Graphics-Project--main\main.cpp(2897,22): warning C4244: '=': conversion from 'double' to 'float', possible loss of data
C:\Users\hp\Desktop\Graphics-Project--main\main.cpp(2898,21): warning C4244: '=': conversion from 'double' to 'float', possible loss of data
C:\Users\hp\Desktop\Graphics-Project--main\main.cpp(2904,22): warning C4244: '=': conversion from 'double' to 'float', possible loss of data
C:\Users\hp\Desktop\Graphics-Project--main\main.cpp(2905,22): warning C4244: '=': conversion from 'double' to 'float', possible loss of data
C:\Users\hp\Desktop\Graphics-Project--main\main.cpp(2906,27): warning C4244: '=': conversion from 'double' to 'float', possible loss of data
C:\Users\hp\Desktop\Graphics-Project--main\main.cpp(2911,22): warning C4244: '=': conversion from 'double' to 'float', possible loss of data
C:\Users\hp\Desktop\Graphics-Project--main\main.cpp(2913,21): warning C4244: '=': conversion from 'double' to 'float', possible loss of data
C:\Users\hp\Desktop\Graphics-Project--main\main.cpp(2920,22): warning C4244: 'initializing': conversion from 'double' to 'float', possible loss of data
C:\Users\hp\Desktop\Graphics-Project--main\main.cpp(2921,22): warning C4244: 'initializing': conversion from 'double' to 'float', possible loss of data
C:\Users\hp\Desktop\Graphics-Project--main\main.cpp(2922,21): warning C4244: 'initializing': conversion from 'double' to 'float', possible loss of data
C:\Users\hp\Desktop\Graphics-Project--main\main.cpp(2927,61): warning C4305: 'argument': truncation from 'double' to 'float'
C:\Users\hp\Desktop\Graphics-Project--main\main.cpp(2927,55): warning C4305: 'argument': truncation from 'double' to 'float'
C:\Users\hp\Desktop\Graphics-Project--main\main.cpp(2932,61): warning C4305: 'argument': truncation from 'double' to 'float'
C:\Users\hp\Desktop\Graphics-Project--main\main.cpp(2932,55): warning C4305: 'argument': truncation from 'double' to 'float'
C:\Users\hp\Desktop\Graphics-Project--main\main.cpp(2937,61): warning C4305: 'argument': truncation from 'double' to 'float'
C:\Users\hp\Desktop\Graphics-Project--main\main.cpp(2937,55): warning C4305: 'argument': truncation from 'double' to 'float'
C:\Users\hp\Desktop\Graphics-Project--main\main.cpp(2942,61): warning C4305: 'argument': truncation from 'double' to 'float'
C:\Users\hp\Desktop\Graphics-Project--main\main.cpp(2942,55): warning C4305: 'argument': truncation from 'double' to 'float'
C:\Users\hp\Desktop\Graphics-Project--main\main.cpp(2946,61): warning C4305: 'argument': truncation from 'double' to 'float'
C:\Users\hp\Desktop\Graphics-Project--main\main.cpp(2946,55): warning C4305: 'argument': truncation from 'double' to 'float'
  Project Tajmohol.vcxproj -> C:\Users\hp\Desktop\Graphics-Project--main\x64\Debug\Goriben Big Ben.exe
